TN:
SF:src/services/follower-service.ts
FN:8,(anonymous_0)
FN:20,(anonymous_1)
FN:69,(anonymous_2)
FN:91,(anonymous_3)
FN:123,(anonymous_4)
FN:142,(anonymous_5)
FNF:6
FNH:5
FNDA:5,(anonymous_0)
FNDA:2,(anonymous_1)
FNDA:0,(anonymous_2)
FNDA:1,(anonymous_3)
FNDA:1,(anonymous_4)
FNDA:1,(anonymous_5)
DA:4,1
DA:9,5
DA:10,5
DA:26,2
DA:27,2
DA:47,1
DA:54,1
DA:56,1
DA:61,1
DA:70,0
DA:71,0
DA:76,0
DA:78,0
DA:82,0
DA:92,1
DA:93,1
DA:102,1
DA:108,1
DA:110,0
DA:114,0
DA:124,1
DA:125,1
DA:132,1
DA:134,0
DA:135,0
DA:143,1
DA:144,1
DA:148,1
DA:150,0
DA:151,0
LF:30
LH:19
BRDA:24,0,0,1
BRDA:33,1,0,1
BRDA:33,1,1,1
BRDA:41,2,0,1
BRDA:41,2,1,1
BRDA:76,3,0,0
BRDA:76,3,1,0
BRDA:97,4,0,0
BRDA:97,4,1,1
BRDA:123,5,0,1
BRDA:123,6,0,1
BRF:11
BRH:8
end_of_record
