TN:
SF:src/services/twitter.ts
FN:14,(anonymous_0)
FN:27,(anonymous_1)
FN:33,(anonymous_2)
FN:48,(anonymous_3)
FN:69,(anonymous_4)
FN:72,(anonymous_5)
FN:93,(anonymous_6)
FNF:7
FNH:4
FNDA:4,(anonymous_0)
FNDA:3,(anonymous_1)
FNDA:6,(anonymous_2)
FNDA:1,(anonymous_3)
FNDA:0,(anonymous_4)
FNDA:0,(anonymous_5)
FNDA:0,(anonymous_6)
DA:1,1
DA:2,1
DA:11,1
DA:15,4
DA:17,4
DA:18,1
DA:21,3
DA:28,3
DA:29,3
DA:33,6
DA:40,0
DA:41,0
DA:49,1
DA:51,1
DA:52,2
DA:53,2
DA:54,2
DA:56,0
DA:57,0
DA:61,1
DA:70,0
DA:71,0
DA:72,0
DA:74,0
DA:75,0
DA:78,0
DA:82,0
DA:83,0
DA:94,0
DA:95,0
DA:100,0
DA:101,0
DA:102,0
DA:105,0
DA:107,0
DA:108,0
LF:36
LH:16
BRDA:17,0,0,1
BRDA:74,1,0,0
BRDA:101,2,0,0
BRF:3
BRH:1
end_of_record
